<?xml version="1.0" encoding="UTF-8"?>
<!-- Generated by org.testng.reporters.JUnitReportReporter -->
<testsuite hostname="PG01D655" failures="0" tests="2" name="TestRunner.Runner" time="0.208" errors="0" timestamp="2024-11-24T08:37:10 IST" skipped="0">
  <testcase classname="TestRunner.Runner" name="runScenario" time="0.027"/>
  <testcase classname="TestRunner.Runner" name="runScenario" time="0.181"/>
</testsuite> <!-- TestRunner.Runner -->
